<!DOCTYPE html PUBLIC "-//W3C//DTD XHTML 1.1//EN" "https://www.w3.org/TR/xhtml11/DTD/xhtml11.dtd">
<html xmlns="https://www.w3.org/1999/xhtml">
<head>
<meta http-equiv="content-type" content="text/html; charset=UTF-8"/>
<title>TestNG Report</title>
<style type="text/css">table {margin-bottom:10px;border-collapse:collapse;empty-cells:show}th,td {border:1px solid #009;padding:.25em .5em}th {vertical-align:bottom}td {vertical-align:top}table a {font-weight:bold}.stripe td {background-color: #E6EBF9}.num {text-align:right}.passedodd td {background-color: #3F3}.passedeven td {background-color: #0A0}.skippedodd td {background-color: #DDD}.skippedeven td {background-color: #CCC}.failedodd td,.attn {background-color: #F33}.failedeven td,.stripe .attn {background-color: #D00}.stacktrace {white-space:pre;font-family:monospace}.totop {font-size:85%;text-align:center;border-bottom:2px solid #000}.invisible {display:none}</style>
</head>
<body>
<table>
<tr><th>Test</th><th># Passed</th><th># Skipped</th><th># Retried</th><th># Failed</th><th>Time (ms)</th><th>Included Groups</th><th>Excluded Groups</th></tr>
<tr><th colspan="8">Appium Test Suite</th></tr>
<tr><td><a href="#t0">Setup and Teardown</a></td><td class="num">0</td><td class="num">0</td><td class="num">0</td><td class="num">0</td><td class="num">0</td><td></td><td></td></tr>
<tr class="stripe"><td><a href="#t1">Web App Test</a></td><td class="num">2</td><td class="num">0</td><td class="num">0</td><td class="num">0</td><td class="num">53,745</td><td></td><td></td></tr>
<tr><td><a href="#t2">API Demos App Test</a></td><td class="num">6</td><td class="num">0</td><td class="num">0</td><td class="num">0</td><td class="num">119,978</td><td></td><td></td></tr>
<tr class="stripe"><td><a href="#t3">Phone dialer App Test</a></td><td class="num">2</td><td class="num">0</td><td class="num">0</td><td class="num">0</td><td class="num">53,802</td><td></td><td></td></tr>
<tr><td><a href="#t4">Calculator App Test</a></td><td class="num">1</td><td class="num">0</td><td class="num">0</td><td class="num">0</td><td class="num">16,359</td><td></td><td></td></tr>
<tr class="stripe"><td><a href="#t5">Ecommerce App Test</a></td><td class="num">3</td><td class="num">0</td><td class="num">0</td><td class="num attn">2</td><td class="num">135,219</td><td></td><td></td></tr>
<tr><th>Total</th><th class="num">14</th><th class="num">0</th><th class="num">0</th><th class="num attn">2</th><th class="num">379,103</th><th colspan="2"></th></tr>
</table>
<table id='summary'><thead><tr><th>Class</th><th>Method</th><th>Start</th><th>Time (ms)</th></tr></thead><tbody><tr><th colspan="4">Appium Test Suite</th></tr></tbody><tbody id="t0"><tr><th colspan="4" class="invisible"/></tr></tbody>
<tbody id="t1"><tr><th colspan="4">Web App Test &#8212; passed</th></tr><tr class="passedeven"><td rowspan="1">tests.Chrome_TC01</td><td><a href="#m0">handleElements2</a></td><td rowspan="1">1734027850240</td><td rowspan="1">13112</td></tr><tr class="passedodd"><td rowspan="1">tests.Chrome_TC02</td><td><a href="#m1">search</a></td><td rowspan="1">1734027879758</td><td rowspan="1">8463</td></tr></tbody>
<tbody id="t2"><tr><th colspan="4">API Demos App Test &#8212; passed</th></tr><tr class="passedeven"><td rowspan="1">tests.APIDemos_TC01</td><td><a href="#m2">handleElements1</a></td><td rowspan="1">1734027900909</td><td rowspan="1">7304</td></tr><tr class="passedodd"><td rowspan="1">tests.APIDemos_TC02</td><td><a href="#m3">handleElements2</a></td><td rowspan="1">1734027920150</td><td rowspan="1">8720</td></tr><tr class="passedeven"><td rowspan="1">tests.APIDemos_TC03</td><td><a href="#m4">handleElements3</a></td><td rowspan="1">1734027939727</td><td rowspan="1">7489</td></tr><tr class="passedodd"><td rowspan="1">tests.APIDemos_TC04</td><td><a href="#m5">handleElements4</a></td><td rowspan="1">1734027958000</td><td rowspan="1">9962</td></tr><tr class="passedeven"><td rowspan="1">tests.APIDemos_TC05</td><td><a href="#m6">handleElements5</a></td><td rowspan="1">1734027979993</td><td rowspan="1">3745</td></tr><tr class="passedodd"><td rowspan="1">tests.WifiSettings_TC06</td><td><a href="#m7">modifyWifiSettings</a></td><td rowspan="1">1734027996601</td><td rowspan="1">11665</td></tr></tbody>
<tbody id="t3"><tr><th colspan="4">Phone dialer App Test &#8212; passed</th></tr><tr class="passedeven"><td rowspan="1">tests.PhoneDialer_TC01</td><td><a href="#m8">callDialer</a></td><td rowspan="1">1734028045508</td><td rowspan="1">16501</td></tr><tr class="passedodd"><td rowspan="1">tests.PhoneDialer_TC02</td><td><a href="#m9">handleElements6</a></td><td rowspan="1">1734028021727</td><td rowspan="1">10499</td></tr></tbody>
<tbody id="t4"><tr><th colspan="4">Calculator App Test &#8212; passed</th></tr><tr class="passedeven"><td rowspan="1">tests.Calculator_TC01</td><td><a href="#m10">testCalculator</a></td><td rowspan="1">1734028074383</td><td rowspan="1">3990</td></tr></tbody>
<tbody id="t5"><tr><th colspan="4">Ecommerce App Test &#8212; failed</th></tr><tr class="failedeven"><td rowspan="1">tests.Ecommerce_TC02</td><td><a href="#m11">selectProduct</a></td><td rowspan="1">1734028136368</td><td rowspan="1">19105</td></tr><tr class="failedodd"><td rowspan="1">tests.Ecommerce_TC04</td><td><a href="#m12">validateGestures</a></td><td rowspan="1">1734028195039</td><td rowspan="1">18642</td></tr><tr><th colspan="4">Ecommerce App Test &#8212; passed</th></tr><tr class="passedeven"><td rowspan="2">tests.Ecommerce_TC01</td><td><a href="#m13">testInvalidLogin</a></td><td rowspan="1">1734028090712</td><td rowspan="1">12657</td></tr><tr class="passedeven"><td><a href="#m14">testValidLogin</a></td><td rowspan="1">1734028115461</td><td rowspan="1">9000</td></tr><tr class="passedodd"><td rowspan="1">tests.Ecommerce_TC03</td><td><a href="#m15">validateCost</a></td><td rowspan="1">1734028167291</td><td rowspan="1">16999</td></tr></tbody>
</table>
<h2>Setup and Teardown</h2><h2>Web App Test</h2><h3 id="m0">tests.Chrome_TC01#handleElements2</h3><table class="result"><tr><th class="invisible"/></tr></table><p class="totop"><a href="#summary">back to summary</a></p>
<h3 id="m1">tests.Chrome_TC02#search</h3><table class="result"><tr><th class="invisible"/></tr></table><p class="totop"><a href="#summary">back to summary</a></p>
<h2>API Demos App Test</h2><h3 id="m2">tests.APIDemos_TC01#handleElements1</h3><table class="result"><tr><th class="invisible"/></tr></table><p class="totop"><a href="#summary">back to summary</a></p>
<h3 id="m3">tests.APIDemos_TC02#handleElements2</h3><table class="result"><tr><th class="invisible"/></tr></table><p class="totop"><a href="#summary">back to summary</a></p>
<h3 id="m4">tests.APIDemos_TC03#handleElements3</h3><table class="result"><tr><th class="invisible"/></tr></table><p class="totop"><a href="#summary">back to summary</a></p>
<h3 id="m5">tests.APIDemos_TC04#handleElements4</h3><table class="result"><tr><th class="invisible"/></tr></table><p class="totop"><a href="#summary">back to summary</a></p>
<h3 id="m6">tests.APIDemos_TC05#handleElements5</h3><table class="result"><tr><th class="invisible"/></tr></table><p class="totop"><a href="#summary">back to summary</a></p>
<h3 id="m7">tests.WifiSettings_TC06#modifyWifiSettings</h3><table class="result"><tr><th class="invisible"/></tr></table><p class="totop"><a href="#summary">back to summary</a></p>
<h2>Phone dialer App Test</h2><h3 id="m8">tests.PhoneDialer_TC01#callDialer</h3><table class="result"><tr><th class="invisible"/></tr></table><p class="totop"><a href="#summary">back to summary</a></p>
<h3 id="m9">tests.PhoneDialer_TC02#handleElements6</h3><table class="result"><tr><th class="invisible"/></tr></table><p class="totop"><a href="#summary">back to summary</a></p>
<h2>Calculator App Test</h2><h3 id="m10">tests.Calculator_TC01#testCalculator</h3><table class="result"><tr><th class="invisible"/></tr></table><p class="totop"><a href="#summary">back to summary</a></p>
<h2>Ecommerce App Test</h2><h3 id="m11">tests.Ecommerce_TC02#selectProduct</h3><table class="result"><tr><th>Exception</th></tr><tr><td><div class="stacktrace">org.openqa.selenium.StaleElementReferenceException: The element &apos;By.id: com.androidsample.generalstore:id/productName&apos; does not exist in DOM anymore
For documentation on this error, please visit: https://www.selenium.dev/documentation/webdriver/troubleshooting/errors#stale-element-reference-exception
Build info: version: &apos;4.16.1&apos;, revision: &apos;9b4c83354e&apos;
System info: os.name: &apos;Windows 11&apos;, os.arch: &apos;amd64&apos;, os.version: &apos;10.0&apos;, java.version: &apos;23.0.1&apos;
Driver info: io.appium.java_client.android.AndroidDriver
Command: [55e9309c-7d4a-4865-a9fe-7fd169158443, getElementText {id=00000000-0000-04d3-ffff-ffff00000064}]
Capabilities {appium:DEVICE_NAME: asus ASUS_X01AD, appium:PLATFORM_NAME: Android, appium:appActivity: com.androidsample.generalst..., appium:appPackage: com.androidsample.generalstore, appium:automationName: UiAutomator2, appium:chromedriverAutodownload: true, appium:databaseEnabled: false, appium:desired: {DEVICE_NAME: asus ASUS_X01AD, PLATFORM_NAME: Android, appActivity: com.androidsample.generalst..., appPackage: com.androidsample.generalstore, automationName: UiAutomator2, chromedriverAutodownload: true, platformName: ANDROID}, appium:deviceApiLevel: 28, appium:deviceManufacturer: asus, appium:deviceModel: ASUS_X01AD, appium:deviceName: JBAAGF074869X35, appium:deviceScreenDensity: 272, appium:deviceScreenSize: 720x1520, appium:deviceUDID: JBAAGF074869X35, appium:javascriptEnabled: true, appium:locationContextEnabled: false, appium:networkConnectionEnabled: true, appium:pixelRatio: 1.7, appium:platformVersion: 9, appium:statBarHeight: 57, appium:takesScreenshot: true, appium:viewportRect: {height: 1463, left: 0, top: 57, width: 720}, appium:warnings: {}, appium:webStorageEnabled: false, platformName: ANDROID}
Element: [[AndroidDriver:  on ANDROID (55e9309c-7d4a-4865-a9fe-7fd169158443)] -&gt; id: com.androidsample.generalstore:id/productName]
Session ID: 55e9309c-7d4a-4865-a9fe-7fd169158443
	at org.openqa.selenium.remote.codec.w3c.W3CHttpResponseCodec.createException(W3CHttpResponseCodec.java:200)
	at org.openqa.selenium.remote.codec.w3c.W3CHttpResponseCodec.decode(W3CHttpResponseCodec.java:133)
	at org.openqa.selenium.remote.codec.w3c.W3CHttpResponseCodec.decode(W3CHttpResponseCodec.java:52)
	at org.openqa.selenium.remote.HttpCommandExecutor.execute(HttpCommandExecutor.java:191)
	at io.appium.java_client.remote.AppiumCommandExecutor.execute(AppiumCommandExecutor.java:238)
	at org.openqa.selenium.remote.RemoteWebDriver.execute(RemoteWebDriver.java:523)
	at org.openqa.selenium.remote.RemoteWebElement.execute(RemoteWebElement.java:224)
	at org.openqa.selenium.remote.RemoteWebElement.getText(RemoteWebElement.java:192)
	at tests.Ecommerce_TC02.selectProduct(Ecommerce_TC02.java:63)
	at java.base/java.util.ArrayList.forEach(ArrayList.java:1597)
... Removed 32 stack frames</div></td></tr></table><p class="totop"><a href="#summary">back to summary</a></p>
<h3 id="m12">tests.Ecommerce_TC04#validateGestures</h3><table class="result"><tr><th>Exception</th></tr><tr><td><div class="stacktrace">org.openqa.selenium.NoSuchElementException: An element could not be located on the page using the given search parameters.
For documentation on this error, please visit: https://www.selenium.dev/documentation/webdriver/troubleshooting/errors#no-such-element-exception
Build info: version: &apos;4.16.1&apos;, revision: &apos;9b4c83354e&apos;
System info: os.name: &apos;Windows 11&apos;, os.arch: &apos;amd64&apos;, os.version: &apos;10.0&apos;, java.version: &apos;23.0.1&apos;
Driver info: io.appium.java_client.android.AndroidDriver
Command: [5c9080bd-c049-4951-9d80-e4eab2e1a50b, findElement {using=class name, value=android.widget.CheckBox}]
Capabilities {appium:DEVICE_NAME: asus ASUS_X01AD, appium:PLATFORM_NAME: Android, appium:appActivity: com.androidsample.generalst..., appium:appPackage: com.androidsample.generalstore, appium:automationName: UiAutomator2, appium:chromedriverAutodownload: true, appium:databaseEnabled: false, appium:desired: {DEVICE_NAME: asus ASUS_X01AD, PLATFORM_NAME: Android, appActivity: com.androidsample.generalst..., appPackage: com.androidsample.generalstore, automationName: UiAutomator2, chromedriverAutodownload: true, platformName: ANDROID}, appium:deviceApiLevel: 28, appium:deviceManufacturer: asus, appium:deviceModel: ASUS_X01AD, appium:deviceName: JBAAGF074869X35, appium:deviceScreenDensity: 272, appium:deviceScreenSize: 720x1520, appium:deviceUDID: JBAAGF074869X35, appium:javascriptEnabled: true, appium:locationContextEnabled: false, appium:networkConnectionEnabled: true, appium:pixelRatio: 1.7, appium:platformVersion: 9, appium:statBarHeight: 57, appium:takesScreenshot: true, appium:viewportRect: {height: 1463, left: 0, top: 57, width: 720}, appium:warnings: {}, appium:webStorageEnabled: false, platformName: ANDROID}
Session ID: 5c9080bd-c049-4951-9d80-e4eab2e1a50b
	at org.openqa.selenium.remote.codec.w3c.W3CHttpResponseCodec.createException(W3CHttpResponseCodec.java:200)
	at org.openqa.selenium.remote.codec.w3c.W3CHttpResponseCodec.decode(W3CHttpResponseCodec.java:133)
	at org.openqa.selenium.remote.codec.w3c.W3CHttpResponseCodec.decode(W3CHttpResponseCodec.java:52)
	at org.openqa.selenium.remote.HttpCommandExecutor.execute(HttpCommandExecutor.java:191)
	at io.appium.java_client.remote.AppiumCommandExecutor.execute(AppiumCommandExecutor.java:238)
	at org.openqa.selenium.remote.RemoteWebDriver.execute(RemoteWebDriver.java:523)
	at org.openqa.selenium.remote.ElementLocation$ElementFinder$2.findElement(ElementLocation.java:165)
	at org.openqa.selenium.remote.ElementLocation.findElement(ElementLocation.java:66)
	at org.openqa.selenium.remote.RemoteWebDriver.findElement(RemoteWebDriver.java:360)
	at org.openqa.selenium.remote.RemoteWebDriver.findElement(RemoteWebDriver.java:354)
	at tests.Ecommerce_TC04.validateGestures(Ecommerce_TC04.java:72)
	at java.base/java.util.ArrayList.forEach(ArrayList.java:1597)
... Removed 32 stack frames</div></td></tr></table><p class="totop"><a href="#summary">back to summary</a></p>
<h3 id="m13">tests.Ecommerce_TC01#testInvalidLogin</h3><table class="result"><tr><th class="invisible"/></tr></table><p class="totop"><a href="#summary">back to summary</a></p>
<h3 id="m14">tests.Ecommerce_TC01#testValidLogin</h3><table class="result"><tr><th class="invisible"/></tr></table><p class="totop"><a href="#summary">back to summary</a></p>
<h3 id="m15">tests.Ecommerce_TC03#validateCost</h3><table class="result"><tr><th class="invisible"/></tr></table><p class="totop"><a href="#summary">back to summary</a></p>
</body>
</html>
