<?xml version="1.0" encoding="UTF-8"?>
<testng-results ignored="0" total="16" passed="14" failed="2" skipped="0">
  <reporter-output>
  </reporter-output>
  <suite started-at="2024-12-12T13:23:54 EST" name="Appium Test Suite" finished-at="2024-12-12T13:30:14 EST" duration-ms="379173">
    <groups>
    </groups>
    <test started-at="2024-12-12T13:23:54 EST" name="Setup and Teardown" finished-at="2024-12-12T13:23:54 EST" duration-ms="0">
    </test> <!-- Setup and Teardown -->
    <test started-at="2024-12-12T13:23:54 EST" name="Web App Test" finished-at="2024-12-12T13:24:48 EST" duration-ms="53745">
      <class name="tests.Chrome_TC01">
        <test-method is-config="true" signature="setCapabilities(java.lang.String,java.lang.String,java.lang.String,java.lang.String,java.lang.String,java.lang.String,java.lang.String,java.lang.String)[pri:0, instance:tests.Chrome_TC01@443118b0]" started-at="2024-12-12T13:23:54 EST" name="setCapabilities" finished-at="2024-12-12T13:24:10 EST" duration-ms="15279" status="PASS">
          <params>
            <param index="0">
              <value>
                <![CDATA[Android]]>
              </value>
            </param>
            <param index="1">
              <value>
                <![CDATA[asus ASUS_X01AD]]>
              </value>
            </param>
            <param index="2">
              <value>
                <![CDATA[UiAutomator2]]>
              </value>
            </param>
            <param index="3">
              <value>
                <![CDATA[]]>
              </value>
            </param>
            <param index="4">
              <value>
                <![CDATA[]]>
              </value>
            </param>
            <param index="5">
              <value>
                <![CDATA[web]]>
              </value>
            </param>
            <param index="6">
              <value>
                <![CDATA[Chrome]]>
              </value>
            </param>
            <param index="7">
              <value>
                <![CDATA[C:\\semester3\\project\\Appium\\src\\test\\resources\\drivers\\chromedriver.exe]]>
              </value>
            </param>
          </params>
          <reporter-output>
          </reporter-output>
        </test-method> <!-- setCapabilities -->
        <test-method signature="handleElements2()[pri:0, instance:tests.Chrome_TC01@443118b0]" started-at="2024-12-12T13:24:10 EST" name="handleElements2" finished-at="2024-12-12T13:24:23 EST" duration-ms="13112" status="PASS">
          <reporter-output>
          </reporter-output>
        </test-method> <!-- handleElements2 -->
        <test-method is-config="true" signature="teardown()[pri:0, instance:tests.Chrome_TC01@443118b0]" started-at="2024-12-12T13:24:23 EST" name="teardown" finished-at="2024-12-12T13:24:23 EST" duration-ms="581" status="PASS">
          <reporter-output>
          </reporter-output>
        </test-method> <!-- teardown -->
      </class> <!-- tests.Chrome_TC01 -->
      <class name="tests.Chrome_TC02">
        <test-method is-config="true" signature="setCapabilities(java.lang.String,java.lang.String,java.lang.String,java.lang.String,java.lang.String,java.lang.String,java.lang.String,java.lang.String)[pri:0, instance:tests.Chrome_TC02@765d7657]" started-at="2024-12-12T13:24:23 EST" name="setCapabilities" finished-at="2024-12-12T13:24:39 EST" duration-ms="15820" status="PASS">
          <params>
            <param index="0">
              <value>
                <![CDATA[Android]]>
              </value>
            </param>
            <param index="1">
              <value>
                <![CDATA[asus ASUS_X01AD]]>
              </value>
            </param>
            <param index="2">
              <value>
                <![CDATA[UiAutomator2]]>
              </value>
            </param>
            <param index="3">
              <value>
                <![CDATA[]]>
              </value>
            </param>
            <param index="4">
              <value>
                <![CDATA[]]>
              </value>
            </param>
            <param index="5">
              <value>
                <![CDATA[web]]>
              </value>
            </param>
            <param index="6">
              <value>
                <![CDATA[Chrome]]>
              </value>
            </param>
            <param index="7">
              <value>
                <![CDATA[C:\\semester3\\project\\Appium\\src\\test\\resources\\drivers\\chromedriver.exe]]>
              </value>
            </param>
          </params>
          <reporter-output>
          </reporter-output>
        </test-method> <!-- setCapabilities -->
        <test-method signature="search()[pri:0, instance:tests.Chrome_TC02@765d7657]" started-at="2024-12-12T13:24:39 EST" name="search" finished-at="2024-12-12T13:24:48 EST" duration-ms="8463" status="PASS">
          <reporter-output>
          </reporter-output>
        </test-method> <!-- search -->
        <test-method is-config="true" signature="teardown()[pri:0, instance:tests.Chrome_TC02@765d7657]" started-at="2024-12-12T13:24:48 EST" name="teardown" finished-at="2024-12-12T13:24:48 EST" duration-ms="484" status="PASS">
          <reporter-output>
          </reporter-output>
        </test-method> <!-- teardown -->
      </class> <!-- tests.Chrome_TC02 -->
    </test> <!-- Web App Test -->
    <test started-at="2024-12-12T13:24:48 EST" name="API Demos App Test" finished-at="2024-12-12T13:26:48 EST" duration-ms="119978">
      <class name="tests.APIDemos_TC01">
        <test-method is-config="true" signature="setCapabilities(java.lang.String,java.lang.String,java.lang.String,java.lang.String,java.lang.String,java.lang.String,java.lang.String,java.lang.String)[pri:0, instance:tests.APIDemos_TC01@4c402120]" started-at="2024-12-12T13:24:48 EST" name="setCapabilities" finished-at="2024-12-12T13:25:00 EST" duration-ms="12186" status="PASS">
          <params>
            <param index="0">
              <value>
                <![CDATA[Android]]>
              </value>
            </param>
            <param index="1">
              <value>
                <![CDATA[asus ASUS_X01AD]]>
              </value>
            </param>
            <param index="2">
              <value>
                <![CDATA[UiAutomator2]]>
              </value>
            </param>
            <param index="3">
              <value>
                <![CDATA[io.appium.android.apis]]>
              </value>
            </param>
            <param index="4">
              <value>
                <![CDATA[io.appium.android.apis.ApiDemos]]>
              </value>
            </param>
            <param index="5">
              <value>
                <![CDATA[native]]>
              </value>
            </param>
            <param index="6">
              <value>
                <![CDATA[]]>
              </value>
            </param>
            <param index="7">
              <value>
                <![CDATA[]]>
              </value>
            </param>
          </params>
          <reporter-output>
          </reporter-output>
        </test-method> <!-- setCapabilities -->
        <test-method signature="handleElements1()[pri:0, instance:tests.APIDemos_TC01@4c402120]" started-at="2024-12-12T13:25:00 EST" name="handleElements1" finished-at="2024-12-12T13:25:08 EST" duration-ms="7304" status="PASS">
          <reporter-output>
          </reporter-output>
        </test-method> <!-- handleElements1 -->
        <test-method is-config="true" signature="teardown()[pri:0, instance:tests.APIDemos_TC01@4c402120]" started-at="2024-12-12T13:25:08 EST" name="teardown" finished-at="2024-12-12T13:25:08 EST" duration-ms="519" status="PASS">
          <reporter-output>
          </reporter-output>
        </test-method> <!-- teardown -->
      </class> <!-- tests.APIDemos_TC01 -->
      <class name="tests.APIDemos_TC02">
        <test-method is-config="true" signature="setCapabilities(java.lang.String,java.lang.String,java.lang.String,java.lang.String,java.lang.String,java.lang.String,java.lang.String,java.lang.String)[pri:0, instance:tests.APIDemos_TC02@327514f]" started-at="2024-12-12T13:25:08 EST" name="setCapabilities" finished-at="2024-12-12T13:25:20 EST" duration-ms="11417" status="PASS">
          <params>
            <param index="0">
              <value>
                <![CDATA[Android]]>
              </value>
            </param>
            <param index="1">
              <value>
                <![CDATA[asus ASUS_X01AD]]>
              </value>
            </param>
            <param index="2">
              <value>
                <![CDATA[UiAutomator2]]>
              </value>
            </param>
            <param index="3">
              <value>
                <![CDATA[io.appium.android.apis]]>
              </value>
            </param>
            <param index="4">
              <value>
                <![CDATA[io.appium.android.apis.ApiDemos]]>
              </value>
            </param>
            <param index="5">
              <value>
                <![CDATA[native]]>
              </value>
            </param>
            <param index="6">
              <value>
                <![CDATA[]]>
              </value>
            </param>
            <param index="7">
              <value>
                <![CDATA[]]>
              </value>
            </param>
          </params>
          <reporter-output>
          </reporter-output>
        </test-method> <!-- setCapabilities -->
        <test-method signature="handleElements2()[pri:0, instance:tests.APIDemos_TC02@327514f]" started-at="2024-12-12T13:25:20 EST" name="handleElements2" finished-at="2024-12-12T13:25:28 EST" duration-ms="8720" status="PASS">
          <reporter-output>
          </reporter-output>
        </test-method> <!-- handleElements2 -->
        <test-method is-config="true" signature="teardown()[pri:0, instance:tests.APIDemos_TC02@327514f]" started-at="2024-12-12T13:25:28 EST" name="teardown" finished-at="2024-12-12T13:25:29 EST" duration-ms="420" status="PASS">
          <reporter-output>
          </reporter-output>
        </test-method> <!-- teardown -->
      </class> <!-- tests.APIDemos_TC02 -->
      <class name="tests.APIDemos_TC03">
        <test-method is-config="true" signature="setCapabilities(java.lang.String,java.lang.String,java.lang.String,java.lang.String,java.lang.String,java.lang.String,java.lang.String,java.lang.String)[pri:0, instance:tests.APIDemos_TC03@5b12b668]" started-at="2024-12-12T13:25:29 EST" name="setCapabilities" finished-at="2024-12-12T13:25:39 EST" duration-ms="10436" status="PASS">
          <params>
            <param index="0">
              <value>
                <![CDATA[Android]]>
              </value>
            </param>
            <param index="1">
              <value>
                <![CDATA[asus ASUS_X01AD]]>
              </value>
            </param>
            <param index="2">
              <value>
                <![CDATA[UiAutomator2]]>
              </value>
            </param>
            <param index="3">
              <value>
                <![CDATA[io.appium.android.apis]]>
              </value>
            </param>
            <param index="4">
              <value>
                <![CDATA[io.appium.android.apis.ApiDemos]]>
              </value>
            </param>
            <param index="5">
              <value>
                <![CDATA[native]]>
              </value>
            </param>
            <param index="6">
              <value>
                <![CDATA[]]>
              </value>
            </param>
            <param index="7">
              <value>
                <![CDATA[]]>
              </value>
            </param>
          </params>
          <reporter-output>
          </reporter-output>
        </test-method> <!-- setCapabilities -->
        <test-method signature="handleElements3()[pri:0, instance:tests.APIDemos_TC03@5b12b668]" started-at="2024-12-12T13:25:39 EST" name="handleElements3" finished-at="2024-12-12T13:25:47 EST" duration-ms="7489" status="PASS">
          <reporter-output>
          </reporter-output>
        </test-method> <!-- handleElements3 -->
        <test-method is-config="true" signature="teardown()[pri:0, instance:tests.APIDemos_TC03@5b12b668]" started-at="2024-12-12T13:25:47 EST" name="teardown" finished-at="2024-12-12T13:25:47 EST" duration-ms="400" status="PASS">
          <reporter-output>
          </reporter-output>
        </test-method> <!-- teardown -->
      </class> <!-- tests.APIDemos_TC03 -->
      <class name="tests.APIDemos_TC04">
        <test-method is-config="true" signature="setCapabilities(java.lang.String,java.lang.String,java.lang.String,java.lang.String,java.lang.String,java.lang.String,java.lang.String,java.lang.String)[pri:0, instance:tests.APIDemos_TC04@1165b38]" started-at="2024-12-12T13:25:47 EST" name="setCapabilities" finished-at="2024-12-12T13:25:57 EST" duration-ms="10366" status="PASS">
          <params>
            <param index="0">
              <value>
                <![CDATA[Android]]>
              </value>
            </param>
            <param index="1">
              <value>
                <![CDATA[asus ASUS_X01AD]]>
              </value>
            </param>
            <param index="2">
              <value>
                <![CDATA[UiAutomator2]]>
              </value>
            </param>
            <param index="3">
              <value>
                <![CDATA[io.appium.android.apis]]>
              </value>
            </param>
            <param index="4">
              <value>
                <![CDATA[io.appium.android.apis.ApiDemos]]>
              </value>
            </param>
            <param index="5">
              <value>
                <![CDATA[native]]>
              </value>
            </param>
            <param index="6">
              <value>
                <![CDATA[]]>
              </value>
            </param>
            <param index="7">
              <value>
                <![CDATA[]]>
              </value>
            </param>
          </params>
          <reporter-output>
          </reporter-output>
        </test-method> <!-- setCapabilities -->
        <test-method signature="handleElements4()[pri:0, instance:tests.APIDemos_TC04@1165b38]" started-at="2024-12-12T13:25:58 EST" name="handleElements4" finished-at="2024-12-12T13:26:07 EST" duration-ms="9962" status="PASS">
          <reporter-output>
          </reporter-output>
        </test-method> <!-- handleElements4 -->
        <test-method is-config="true" signature="teardown()[pri:0, instance:tests.APIDemos_TC04@1165b38]" started-at="2024-12-12T13:26:07 EST" name="teardown" finished-at="2024-12-12T13:26:08 EST" duration-ms="483" status="PASS">
          <reporter-output>
          </reporter-output>
        </test-method> <!-- teardown -->
      </class> <!-- tests.APIDemos_TC04 -->
      <class name="tests.WifiSettings_TC06">
        <test-method is-config="true" signature="setCapabilities(java.lang.String,java.lang.String,java.lang.String,java.lang.String,java.lang.String,java.lang.String,java.lang.String,java.lang.String)[pri:0, instance:tests.WifiSettings_TC06@7586beff]" started-at="2024-12-12T13:26:24 EST" name="setCapabilities" finished-at="2024-12-12T13:26:36 EST" duration-ms="12436" status="PASS">
          <params>
            <param index="0">
              <value>
                <![CDATA[Android]]>
              </value>
            </param>
            <param index="1">
              <value>
                <![CDATA[asus ASUS_X01AD]]>
              </value>
            </param>
            <param index="2">
              <value>
                <![CDATA[UiAutomator2]]>
              </value>
            </param>
            <param index="3">
              <value>
                <![CDATA[io.appium.android.apis]]>
              </value>
            </param>
            <param index="4">
              <value>
                <![CDATA[io.appium.android.apis.ApiDemos]]>
              </value>
            </param>
            <param index="5">
              <value>
                <![CDATA[native]]>
              </value>
            </param>
            <param index="6">
              <value>
                <![CDATA[]]>
              </value>
            </param>
            <param index="7">
              <value>
                <![CDATA[]]>
              </value>
            </param>
          </params>
          <reporter-output>
          </reporter-output>
        </test-method> <!-- setCapabilities -->
        <test-method signature="modifyWifiSettings()[pri:0, instance:tests.WifiSettings_TC06@7586beff]" started-at="2024-12-12T13:26:36 EST" name="modifyWifiSettings" finished-at="2024-12-12T13:26:48 EST" duration-ms="11665" status="PASS">
          <reporter-output>
          </reporter-output>
        </test-method> <!-- modifyWifiSettings -->
        <test-method is-config="true" signature="teardown()[pri:0, instance:tests.WifiSettings_TC06@7586beff]" started-at="2024-12-12T13:26:48 EST" name="teardown" finished-at="2024-12-12T13:26:48 EST" duration-ms="434" status="PASS">
          <reporter-output>
          </reporter-output>
        </test-method> <!-- teardown -->
      </class> <!-- tests.WifiSettings_TC06 -->
      <class name="tests.APIDemos_TC05">
        <test-method is-config="true" signature="setCapabilities(java.lang.String,java.lang.String,java.lang.String,java.lang.String,java.lang.String,java.lang.String,java.lang.String,java.lang.String)[pri:0, instance:tests.APIDemos_TC05@4c12331b]" started-at="2024-12-12T13:26:08 EST" name="setCapabilities" finished-at="2024-12-12T13:26:19 EST" duration-ms="11531" status="PASS">
          <params>
            <param index="0">
              <value>
                <![CDATA[Android]]>
              </value>
            </param>
            <param index="1">
              <value>
                <![CDATA[asus ASUS_X01AD]]>
              </value>
            </param>
            <param index="2">
              <value>
                <![CDATA[UiAutomator2]]>
              </value>
            </param>
            <param index="3">
              <value>
                <![CDATA[io.appium.android.apis]]>
              </value>
            </param>
            <param index="4">
              <value>
                <![CDATA[io.appium.android.apis.ApiDemos]]>
              </value>
            </param>
            <param index="5">
              <value>
                <![CDATA[native]]>
              </value>
            </param>
            <param index="6">
              <value>
                <![CDATA[]]>
              </value>
            </param>
            <param index="7">
              <value>
                <![CDATA[]]>
              </value>
            </param>
          </params>
          <reporter-output>
          </reporter-output>
        </test-method> <!-- setCapabilities -->
        <test-method signature="handleElements5()[pri:0, instance:tests.APIDemos_TC05@4c12331b]" started-at="2024-12-12T13:26:19 EST" name="handleElements5" finished-at="2024-12-12T13:26:23 EST" duration-ms="3745" status="PASS">
          <reporter-output>
          </reporter-output>
        </test-method> <!-- handleElements5 -->
        <test-method is-config="true" signature="teardown()[pri:0, instance:tests.APIDemos_TC05@4c12331b]" started-at="2024-12-12T13:26:23 EST" name="teardown" finished-at="2024-12-12T13:26:24 EST" duration-ms="427" status="PASS">
          <reporter-output>
          </reporter-output>
        </test-method> <!-- teardown -->
      </class> <!-- tests.APIDemos_TC05 -->
    </test> <!-- API Demos App Test -->
    <test started-at="2024-12-12T13:26:48 EST" name="Phone dialer App Test" finished-at="2024-12-12T13:27:42 EST" duration-ms="53802">
      <class name="tests.PhoneDialer_TC01">
        <test-method is-config="true" signature="setCapabilities(java.lang.String,java.lang.String,java.lang.String,java.lang.String,java.lang.String,java.lang.String,java.lang.String,java.lang.String)[pri:0, instance:tests.PhoneDialer_TC01@dd05255]" started-at="2024-12-12T13:27:12 EST" name="setCapabilities" finished-at="2024-12-12T13:27:25 EST" duration-ms="12828" status="PASS">
          <params>
            <param index="0">
              <value>
                <![CDATA[Android]]>
              </value>
            </param>
            <param index="1">
              <value>
                <![CDATA[asus ASUS_X01AD]]>
              </value>
            </param>
            <param index="2">
              <value>
                <![CDATA[UiAutomator2]]>
              </value>
            </param>
            <param index="3">
              <value>
                <![CDATA[com.google.android.dialer]]>
              </value>
            </param>
            <param index="4">
              <value>
                <![CDATA[com.android.dialer.main.impl.MainActivity]]>
              </value>
            </param>
            <param index="5">
              <value>
                <![CDATA[native]]>
              </value>
            </param>
            <param index="6">
              <value>
                <![CDATA[]]>
              </value>
            </param>
            <param index="7">
              <value>
                <![CDATA[]]>
              </value>
            </param>
          </params>
          <reporter-output>
          </reporter-output>
        </test-method> <!-- setCapabilities -->
        <test-method signature="callDialer()[pri:0, instance:tests.PhoneDialer_TC01@dd05255]" started-at="2024-12-12T13:27:25 EST" name="callDialer" finished-at="2024-12-12T13:27:42 EST" duration-ms="16501" status="PASS">
          <reporter-output>
          </reporter-output>
        </test-method> <!-- callDialer -->
        <test-method is-config="true" signature="teardown()[pri:0, instance:tests.PhoneDialer_TC01@dd05255]" started-at="2024-12-12T13:27:42 EST" name="teardown" finished-at="2024-12-12T13:27:42 EST" duration-ms="484" status="PASS">
          <reporter-output>
          </reporter-output>
        </test-method> <!-- teardown -->
      </class> <!-- tests.PhoneDialer_TC01 -->
      <class name="tests.PhoneDialer_TC02">
        <test-method is-config="true" signature="setCapabilities(java.lang.String,java.lang.String,java.lang.String,java.lang.String,java.lang.String,java.lang.String,java.lang.String,java.lang.String)[pri:0, instance:tests.PhoneDialer_TC02@7e6f74c]" started-at="2024-12-12T13:26:48 EST" name="setCapabilities" finished-at="2024-12-12T13:27:01 EST" duration-ms="13018" status="PASS">
          <params>
            <param index="0">
              <value>
                <![CDATA[Android]]>
              </value>
            </param>
            <param index="1">
              <value>
                <![CDATA[asus ASUS_X01AD]]>
              </value>
            </param>
            <param index="2">
              <value>
                <![CDATA[UiAutomator2]]>
              </value>
            </param>
            <param index="3">
              <value>
                <![CDATA[com.google.android.dialer]]>
              </value>
            </param>
            <param index="4">
              <value>
                <![CDATA[com.android.dialer.main.impl.MainActivity]]>
              </value>
            </param>
            <param index="5">
              <value>
                <![CDATA[native]]>
              </value>
            </param>
            <param index="6">
              <value>
                <![CDATA[]]>
              </value>
            </param>
            <param index="7">
              <value>
                <![CDATA[]]>
              </value>
            </param>
          </params>
          <reporter-output>
          </reporter-output>
        </test-method> <!-- setCapabilities -->
        <test-method signature="handleElements6()[pri:0, instance:tests.PhoneDialer_TC02@7e6f74c]" started-at="2024-12-12T13:27:01 EST" name="handleElements6" finished-at="2024-12-12T13:27:12 EST" duration-ms="10499" status="PASS">
          <reporter-output>
          </reporter-output>
        </test-method> <!-- handleElements6 -->
        <test-method is-config="true" signature="teardown()[pri:0, instance:tests.PhoneDialer_TC02@7e6f74c]" started-at="2024-12-12T13:27:12 EST" name="teardown" finished-at="2024-12-12T13:27:12 EST" duration-ms="454" status="PASS">
          <reporter-output>
          </reporter-output>
        </test-method> <!-- teardown -->
      </class> <!-- tests.PhoneDialer_TC02 -->
    </test> <!-- Phone dialer App Test -->
    <test started-at="2024-12-12T13:27:42 EST" name="Calculator App Test" finished-at="2024-12-12T13:27:58 EST" duration-ms="16359">
      <class name="tests.Calculator_TC01">
        <test-method is-config="true" signature="setCapabilities(java.lang.String,java.lang.String,java.lang.String,java.lang.String,java.lang.String,java.lang.String,java.lang.String,java.lang.String)[pri:0, instance:tests.Calculator_TC01@3fc2959f]" started-at="2024-12-12T13:27:42 EST" name="setCapabilities" finished-at="2024-12-12T13:27:54 EST" duration-ms="11874" status="PASS">
          <params>
            <param index="0">
              <value>
                <![CDATA[Android]]>
              </value>
            </param>
            <param index="1">
              <value>
                <![CDATA[asus ASUS_X01AD]]>
              </value>
            </param>
            <param index="2">
              <value>
                <![CDATA[UiAutomator2]]>
              </value>
            </param>
            <param index="3">
              <value>
                <![CDATA[com.asus.calculator]]>
              </value>
            </param>
            <param index="4">
              <value>
                <![CDATA[com.asus.calculator.Calculator]]>
              </value>
            </param>
            <param index="5">
              <value>
                <![CDATA[native]]>
              </value>
            </param>
            <param index="6">
              <value>
                <![CDATA[]]>
              </value>
            </param>
            <param index="7">
              <value>
                <![CDATA[]]>
              </value>
            </param>
          </params>
          <reporter-output>
          </reporter-output>
        </test-method> <!-- setCapabilities -->
        <test-method signature="testCalculator()[pri:0, instance:tests.Calculator_TC01@3fc2959f]" started-at="2024-12-12T13:27:54 EST" name="testCalculator" finished-at="2024-12-12T13:27:58 EST" duration-ms="3990" status="PASS">
          <reporter-output>
          </reporter-output>
        </test-method> <!-- testCalculator -->
        <test-method is-config="true" signature="teardown()[pri:0, instance:tests.Calculator_TC01@3fc2959f]" started-at="2024-12-12T13:27:58 EST" name="teardown" finished-at="2024-12-12T13:27:58 EST" duration-ms="494" status="PASS">
          <reporter-output>
          </reporter-output>
        </test-method> <!-- teardown -->
      </class> <!-- tests.Calculator_TC01 -->
    </test> <!-- Calculator App Test -->
    <test started-at="2024-12-12T13:27:58 EST" name="Ecommerce App Test" finished-at="2024-12-12T13:30:14 EST" duration-ms="135219">
      <class name="tests.Ecommerce_TC04">
        <test-method is-config="true" signature="setCapabilities(java.lang.String,java.lang.String,java.lang.String,java.lang.String,java.lang.String,java.lang.String,java.lang.String,java.lang.String)[pri:0, instance:tests.Ecommerce_TC04@bccb269]" started-at="2024-12-12T13:29:44 EST" name="setCapabilities" finished-at="2024-12-12T13:29:55 EST" duration-ms="10324" status="PASS">
          <params>
            <param index="0">
              <value>
                <![CDATA[Android]]>
              </value>
            </param>
            <param index="1">
              <value>
                <![CDATA[asus ASUS_X01AD]]>
              </value>
            </param>
            <param index="2">
              <value>
                <![CDATA[UiAutomator2]]>
              </value>
            </param>
            <param index="3">
              <value>
                <![CDATA[com.androidsample.generalstore]]>
              </value>
            </param>
            <param index="4">
              <value>
                <![CDATA[com.androidsample.generalstore.SplashActivity]]>
              </value>
            </param>
            <param index="5">
              <value>
                <![CDATA[native]]>
              </value>
            </param>
            <param index="6">
              <value>
                <![CDATA[Chrome]]>
              </value>
            </param>
            <param index="7">
              <value>
                <![CDATA[C:\\semester3\\project\\Appium\\src\\test\\resources\\drivers\\chromedriver.exe]]>
              </value>
            </param>
          </params>
          <reporter-output>
          </reporter-output>
        </test-method> <!-- setCapabilities -->
        <test-method signature="validateGestures()[pri:0, instance:tests.Ecommerce_TC04@bccb269]" started-at="2024-12-12T13:29:55 EST" name="validateGestures" finished-at="2024-12-12T13:30:13 EST" duration-ms="18642" status="FAIL">
          <exception class="org.openqa.selenium.NoSuchElementException">
            <message>
              <![CDATA[An element could not be located on the page using the given search parameters.
For documentation on this error, please visit: https://www.selenium.dev/documentation/webdriver/troubleshooting/errors#no-such-element-exception
Build info: version: '4.16.1', revision: '9b4c83354e'
System info: os.name: 'Windows 11', os.arch: 'amd64', os.version: '10.0', java.version: '23.0.1'
Driver info: io.appium.java_client.android.AndroidDriver
Command: [5c9080bd-c049-4951-9d80-e4eab2e1a50b, findElement {using=class name, value=android.widget.CheckBox}]
Capabilities {appium:DEVICE_NAME: asus ASUS_X01AD, appium:PLATFORM_NAME: Android, appium:appActivity: com.androidsample.generalst..., appium:appPackage: com.androidsample.generalstore, appium:automationName: UiAutomator2, appium:chromedriverAutodownload: true, appium:databaseEnabled: false, appium:desired: {DEVICE_NAME: asus ASUS_X01AD, PLATFORM_NAME: Android, appActivity: com.androidsample.generalst..., appPackage: com.androidsample.generalstore, automationName: UiAutomator2, chromedriverAutodownload: true, platformName: ANDROID}, appium:deviceApiLevel: 28, appium:deviceManufacturer: asus, appium:deviceModel: ASUS_X01AD, appium:deviceName: JBAAGF074869X35, appium:deviceScreenDensity: 272, appium:deviceScreenSize: 720x1520, appium:deviceUDID: JBAAGF074869X35, appium:javascriptEnabled: true, appium:locationContextEnabled: false, appium:networkConnectionEnabled: true, appium:pixelRatio: 1.7, appium:platformVersion: 9, appium:statBarHeight: 57, appium:takesScreenshot: true, appium:viewportRect: {height: 1463, left: 0, top: 57, width: 720}, appium:warnings: {}, appium:webStorageEnabled: false, platformName: ANDROID}
Session ID: 5c9080bd-c049-4951-9d80-e4eab2e1a50b]]>
            </message>
            <full-stacktrace>
              <![CDATA[org.openqa.selenium.NoSuchElementException: An element could not be located on the page using the given search parameters.
For documentation on this error, please visit: https://www.selenium.dev/documentation/webdriver/troubleshooting/errors#no-such-element-exception
Build info: version: '4.16.1', revision: '9b4c83354e'
System info: os.name: 'Windows 11', os.arch: 'amd64', os.version: '10.0', java.version: '23.0.1'
Driver info: io.appium.java_client.android.AndroidDriver
Command: [5c9080bd-c049-4951-9d80-e4eab2e1a50b, findElement {using=class name, value=android.widget.CheckBox}]
Capabilities {appium:DEVICE_NAME: asus ASUS_X01AD, appium:PLATFORM_NAME: Android, appium:appActivity: com.androidsample.generalst..., appium:appPackage: com.androidsample.generalstore, appium:automationName: UiAutomator2, appium:chromedriverAutodownload: true, appium:databaseEnabled: false, appium:desired: {DEVICE_NAME: asus ASUS_X01AD, PLATFORM_NAME: Android, appActivity: com.androidsample.generalst..., appPackage: com.androidsample.generalstore, automationName: UiAutomator2, chromedriverAutodownload: true, platformName: ANDROID}, appium:deviceApiLevel: 28, appium:deviceManufacturer: asus, appium:deviceModel: ASUS_X01AD, appium:deviceName: JBAAGF074869X35, appium:deviceScreenDensity: 272, appium:deviceScreenSize: 720x1520, appium:deviceUDID: JBAAGF074869X35, appium:javascriptEnabled: true, appium:locationContextEnabled: false, appium:networkConnectionEnabled: true, appium:pixelRatio: 1.7, appium:platformVersion: 9, appium:statBarHeight: 57, appium:takesScreenshot: true, appium:viewportRect: {height: 1463, left: 0, top: 57, width: 720}, appium:warnings: {}, appium:webStorageEnabled: false, platformName: ANDROID}
Session ID: 5c9080bd-c049-4951-9d80-e4eab2e1a50b
at java.base/jdk.internal.reflect.DirectConstructorHandleAccessor.newInstance(DirectConstructorHandleAccessor.java:62)
at java.base/java.lang.reflect.Constructor.newInstanceWithCaller(Constructor.java:501)
at java.base/java.lang.reflect.Constructor.newInstance(Constructor.java:485)
at org.openqa.selenium.remote.codec.w3c.W3CHttpResponseCodec.createException(W3CHttpResponseCodec.java:200)
at org.openqa.selenium.remote.codec.w3c.W3CHttpResponseCodec.decode(W3CHttpResponseCodec.java:133)
at org.openqa.selenium.remote.codec.w3c.W3CHttpResponseCodec.decode(W3CHttpResponseCodec.java:52)
at org.openqa.selenium.remote.HttpCommandExecutor.execute(HttpCommandExecutor.java:191)
at io.appium.java_client.remote.AppiumCommandExecutor.execute(AppiumCommandExecutor.java:238)
at org.openqa.selenium.remote.RemoteWebDriver.execute(RemoteWebDriver.java:523)
at org.openqa.selenium.remote.ElementLocation$ElementFinder$2.findElement(ElementLocation.java:165)
at org.openqa.selenium.remote.ElementLocation.findElement(ElementLocation.java:66)
at org.openqa.selenium.remote.RemoteWebDriver.findElement(RemoteWebDriver.java:360)
at org.openqa.selenium.remote.RemoteWebDriver.findElement(RemoteWebDriver.java:354)
at tests.Ecommerce_TC04.validateGestures(Ecommerce_TC04.java:72)
at java.base/jdk.internal.reflect.DirectMethodHandleAccessor.invoke(DirectMethodHandleAccessor.java:103)
at java.base/java.lang.reflect.Method.invoke(Method.java:580)
at org.testng.internal.invokers.MethodInvocationHelper.invokeMethod(MethodInvocationHelper.java:141)
at org.testng.internal.invokers.TestInvoker.invokeMethod(TestInvoker.java:686)
at org.testng.internal.invokers.TestInvoker.invokeTestMethod(TestInvoker.java:230)
at org.testng.internal.invokers.MethodRunner.runInSequence(MethodRunner.java:63)
at org.testng.internal.invokers.TestInvoker$MethodInvocationAgent.invoke(TestInvoker.java:992)
at org.testng.internal.invokers.TestInvoker.invokeTestMethods(TestInvoker.java:203)
at org.testng.internal.invokers.TestMethodWorker.invokeTestMethods(TestMethodWorker.java:154)
at org.testng.internal.invokers.TestMethodWorker.run(TestMethodWorker.java:134)
at java.base/java.util.ArrayList.forEach(ArrayList.java:1597)
at org.testng.TestRunner.privateRun(TestRunner.java:739)
at org.testng.TestRunner.run(TestRunner.java:614)
at org.testng.SuiteRunner.runTest(SuiteRunner.java:421)
at org.testng.SuiteRunner.runSequentially(SuiteRunner.java:413)
at org.testng.SuiteRunner.privateRun(SuiteRunner.java:373)
at org.testng.SuiteRunner.run(SuiteRunner.java:312)
at org.testng.SuiteRunnerWorker.runSuite(SuiteRunnerWorker.java:52)
at org.testng.SuiteRunnerWorker.run(SuiteRunnerWorker.java:95)
at org.testng.TestNG.runSuitesSequentially(TestNG.java:1274)
at org.testng.TestNG.runSuitesLocally(TestNG.java:1208)
at org.testng.TestNG.runSuites(TestNG.java:1112)
at org.testng.TestNG.run(TestNG.java:1079)
at org.apache.maven.surefire.testng.TestNGExecutor.run(TestNGExecutor.java:308)
at org.apache.maven.surefire.testng.TestNGXmlTestSuite.execute(TestNGXmlTestSuite.java:71)
at org.apache.maven.surefire.testng.TestNGProvider.invoke(TestNGProvider.java:113)
at org.apache.maven.surefire.booter.ForkedBooter.runSuitesInProcess(ForkedBooter.java:385)
at org.apache.maven.surefire.booter.ForkedBooter.execute(ForkedBooter.java:162)
at org.apache.maven.surefire.booter.ForkedBooter.run(ForkedBooter.java:507)
at org.apache.maven.surefire.booter.ForkedBooter.main(ForkedBooter.java:495)
]]>
            </full-stacktrace>
          </exception> <!-- org.openqa.selenium.NoSuchElementException -->
          <reporter-output>
          </reporter-output>
        </test-method> <!-- validateGestures -->
        <test-method is-config="true" signature="teardown()[pri:0, instance:tests.Ecommerce_TC04@bccb269]" started-at="2024-12-12T13:30:13 EST" name="teardown" finished-at="2024-12-12T13:30:14 EST" duration-ms="422" status="PASS">
          <reporter-output>
          </reporter-output>
        </test-method> <!-- teardown -->
      </class> <!-- tests.Ecommerce_TC04 -->
      <class name="tests.Ecommerce_TC03">
        <test-method is-config="true" signature="setCapabilities(java.lang.String,java.lang.String,java.lang.String,java.lang.String,java.lang.String,java.lang.String,java.lang.String,java.lang.String)[pri:0, instance:tests.Ecommerce_TC03@66d18979]" started-at="2024-12-12T13:29:15 EST" name="setCapabilities" finished-at="2024-12-12T13:29:27 EST" duration-ms="11343" status="PASS">
          <params>
            <param index="0">
              <value>
                <![CDATA[Android]]>
              </value>
            </param>
            <param index="1">
              <value>
                <![CDATA[asus ASUS_X01AD]]>
              </value>
            </param>
            <param index="2">
              <value>
                <![CDATA[UiAutomator2]]>
              </value>
            </param>
            <param index="3">
              <value>
                <![CDATA[com.androidsample.generalstore]]>
              </value>
            </param>
            <param index="4">
              <value>
                <![CDATA[com.androidsample.generalstore.SplashActivity]]>
              </value>
            </param>
            <param index="5">
              <value>
                <![CDATA[native]]>
              </value>
            </param>
            <param index="6">
              <value>
                <![CDATA[Chrome]]>
              </value>
            </param>
            <param index="7">
              <value>
                <![CDATA[C:\\semester3\\project\\Appium\\src\\test\\resources\\drivers\\chromedriver.exe]]>
              </value>
            </param>
          </params>
          <reporter-output>
          </reporter-output>
        </test-method> <!-- setCapabilities -->
        <test-method signature="validateCost()[pri:0, instance:tests.Ecommerce_TC03@66d18979]" started-at="2024-12-12T13:29:27 EST" name="validateCost" finished-at="2024-12-12T13:29:44 EST" duration-ms="16999" status="PASS">
          <reporter-output>
          </reporter-output>
        </test-method> <!-- validateCost -->
        <test-method is-config="true" signature="teardown()[pri:0, instance:tests.Ecommerce_TC03@66d18979]" started-at="2024-12-12T13:29:44 EST" name="teardown" finished-at="2024-12-12T13:29:44 EST" duration-ms="407" status="PASS">
          <reporter-output>
          </reporter-output>
        </test-method> <!-- teardown -->
      </class> <!-- tests.Ecommerce_TC03 -->
      <class name="tests.Ecommerce_TC02">
        <test-method is-config="true" signature="setCapabilities(java.lang.String,java.lang.String,java.lang.String,java.lang.String,java.lang.String,java.lang.String,java.lang.String,java.lang.String)[pri:0, instance:tests.Ecommerce_TC02@6913c1fb]" started-at="2024-12-12T13:28:44 EST" name="setCapabilities" finished-at="2024-12-12T13:28:56 EST" duration-ms="11494" status="PASS">
          <params>
            <param index="0">
              <value>
                <![CDATA[Android]]>
              </value>
            </param>
            <param index="1">
              <value>
                <![CDATA[asus ASUS_X01AD]]>
              </value>
            </param>
            <param index="2">
              <value>
                <![CDATA[UiAutomator2]]>
              </value>
            </param>
            <param index="3">
              <value>
                <![CDATA[com.androidsample.generalstore]]>
              </value>
            </param>
            <param index="4">
              <value>
                <![CDATA[com.androidsample.generalstore.SplashActivity]]>
              </value>
            </param>
            <param index="5">
              <value>
                <![CDATA[native]]>
              </value>
            </param>
            <param index="6">
              <value>
                <![CDATA[Chrome]]>
              </value>
            </param>
            <param index="7">
              <value>
                <![CDATA[C:\\semester3\\project\\Appium\\src\\test\\resources\\drivers\\chromedriver.exe]]>
              </value>
            </param>
          </params>
          <reporter-output>
          </reporter-output>
        </test-method> <!-- setCapabilities -->
        <test-method signature="selectProduct()[pri:0, instance:tests.Ecommerce_TC02@6913c1fb]" started-at="2024-12-12T13:28:56 EST" name="selectProduct" finished-at="2024-12-12T13:29:15 EST" duration-ms="19105" status="FAIL">
          <exception class="org.openqa.selenium.StaleElementReferenceException">
            <message>
              <![CDATA[The element 'By.id: com.androidsample.generalstore:id/productName' does not exist in DOM anymore
For documentation on this error, please visit: https://www.selenium.dev/documentation/webdriver/troubleshooting/errors#stale-element-reference-exception
Build info: version: '4.16.1', revision: '9b4c83354e'
System info: os.name: 'Windows 11', os.arch: 'amd64', os.version: '10.0', java.version: '23.0.1'
Driver info: io.appium.java_client.android.AndroidDriver
Command: [55e9309c-7d4a-4865-a9fe-7fd169158443, getElementText {id=00000000-0000-04d3-ffff-ffff00000064}]
Capabilities {appium:DEVICE_NAME: asus ASUS_X01AD, appium:PLATFORM_NAME: Android, appium:appActivity: com.androidsample.generalst..., appium:appPackage: com.androidsample.generalstore, appium:automationName: UiAutomator2, appium:chromedriverAutodownload: true, appium:databaseEnabled: false, appium:desired: {DEVICE_NAME: asus ASUS_X01AD, PLATFORM_NAME: Android, appActivity: com.androidsample.generalst..., appPackage: com.androidsample.generalstore, automationName: UiAutomator2, chromedriverAutodownload: true, platformName: ANDROID}, appium:deviceApiLevel: 28, appium:deviceManufacturer: asus, appium:deviceModel: ASUS_X01AD, appium:deviceName: JBAAGF074869X35, appium:deviceScreenDensity: 272, appium:deviceScreenSize: 720x1520, appium:deviceUDID: JBAAGF074869X35, appium:javascriptEnabled: true, appium:locationContextEnabled: false, appium:networkConnectionEnabled: true, appium:pixelRatio: 1.7, appium:platformVersion: 9, appium:statBarHeight: 57, appium:takesScreenshot: true, appium:viewportRect: {height: 1463, left: 0, top: 57, width: 720}, appium:warnings: {}, appium:webStorageEnabled: false, platformName: ANDROID}
Element: [[AndroidDriver:  on ANDROID (55e9309c-7d4a-4865-a9fe-7fd169158443)] -> id: com.androidsample.generalstore:id/productName]
Session ID: 55e9309c-7d4a-4865-a9fe-7fd169158443]]>
            </message>
            <full-stacktrace>
              <![CDATA[org.openqa.selenium.StaleElementReferenceException: The element 'By.id: com.androidsample.generalstore:id/productName' does not exist in DOM anymore
For documentation on this error, please visit: https://www.selenium.dev/documentation/webdriver/troubleshooting/errors#stale-element-reference-exception
Build info: version: '4.16.1', revision: '9b4c83354e'
System info: os.name: 'Windows 11', os.arch: 'amd64', os.version: '10.0', java.version: '23.0.1'
Driver info: io.appium.java_client.android.AndroidDriver
Command: [55e9309c-7d4a-4865-a9fe-7fd169158443, getElementText {id=00000000-0000-04d3-ffff-ffff00000064}]
Capabilities {appium:DEVICE_NAME: asus ASUS_X01AD, appium:PLATFORM_NAME: Android, appium:appActivity: com.androidsample.generalst..., appium:appPackage: com.androidsample.generalstore, appium:automationName: UiAutomator2, appium:chromedriverAutodownload: true, appium:databaseEnabled: false, appium:desired: {DEVICE_NAME: asus ASUS_X01AD, PLATFORM_NAME: Android, appActivity: com.androidsample.generalst..., appPackage: com.androidsample.generalstore, automationName: UiAutomator2, chromedriverAutodownload: true, platformName: ANDROID}, appium:deviceApiLevel: 28, appium:deviceManufacturer: asus, appium:deviceModel: ASUS_X01AD, appium:deviceName: JBAAGF074869X35, appium:deviceScreenDensity: 272, appium:deviceScreenSize: 720x1520, appium:deviceUDID: JBAAGF074869X35, appium:javascriptEnabled: true, appium:locationContextEnabled: false, appium:networkConnectionEnabled: true, appium:pixelRatio: 1.7, appium:platformVersion: 9, appium:statBarHeight: 57, appium:takesScreenshot: true, appium:viewportRect: {height: 1463, left: 0, top: 57, width: 720}, appium:warnings: {}, appium:webStorageEnabled: false, platformName: ANDROID}
Element: [[AndroidDriver:  on ANDROID (55e9309c-7d4a-4865-a9fe-7fd169158443)] -> id: com.androidsample.generalstore:id/productName]
Session ID: 55e9309c-7d4a-4865-a9fe-7fd169158443
at java.base/jdk.internal.reflect.DirectConstructorHandleAccessor.newInstance(DirectConstructorHandleAccessor.java:62)
at java.base/java.lang.reflect.Constructor.newInstanceWithCaller(Constructor.java:501)
at java.base/java.lang.reflect.Constructor.newInstance(Constructor.java:485)
at org.openqa.selenium.remote.codec.w3c.W3CHttpResponseCodec.createException(W3CHttpResponseCodec.java:200)
at org.openqa.selenium.remote.codec.w3c.W3CHttpResponseCodec.decode(W3CHttpResponseCodec.java:133)
at org.openqa.selenium.remote.codec.w3c.W3CHttpResponseCodec.decode(W3CHttpResponseCodec.java:52)
at org.openqa.selenium.remote.HttpCommandExecutor.execute(HttpCommandExecutor.java:191)
at io.appium.java_client.remote.AppiumCommandExecutor.execute(AppiumCommandExecutor.java:238)
at org.openqa.selenium.remote.RemoteWebDriver.execute(RemoteWebDriver.java:523)
at org.openqa.selenium.remote.RemoteWebElement.execute(RemoteWebElement.java:224)
at org.openqa.selenium.remote.RemoteWebElement.getText(RemoteWebElement.java:192)
at tests.Ecommerce_TC02.selectProduct(Ecommerce_TC02.java:63)
at java.base/jdk.internal.reflect.DirectMethodHandleAccessor.invoke(DirectMethodHandleAccessor.java:103)
at java.base/java.lang.reflect.Method.invoke(Method.java:580)
at org.testng.internal.invokers.MethodInvocationHelper.invokeMethod(MethodInvocationHelper.java:141)
at org.testng.internal.invokers.TestInvoker.invokeMethod(TestInvoker.java:686)
at org.testng.internal.invokers.TestInvoker.invokeTestMethod(TestInvoker.java:230)
at org.testng.internal.invokers.MethodRunner.runInSequence(MethodRunner.java:63)
at org.testng.internal.invokers.TestInvoker$MethodInvocationAgent.invoke(TestInvoker.java:992)
at org.testng.internal.invokers.TestInvoker.invokeTestMethods(TestInvoker.java:203)
at org.testng.internal.invokers.TestMethodWorker.invokeTestMethods(TestMethodWorker.java:154)
at org.testng.internal.invokers.TestMethodWorker.run(TestMethodWorker.java:134)
at java.base/java.util.ArrayList.forEach(ArrayList.java:1597)
at org.testng.TestRunner.privateRun(TestRunner.java:739)
at org.testng.TestRunner.run(TestRunner.java:614)
at org.testng.SuiteRunner.runTest(SuiteRunner.java:421)
at org.testng.SuiteRunner.runSequentially(SuiteRunner.java:413)
at org.testng.SuiteRunner.privateRun(SuiteRunner.java:373)
at org.testng.SuiteRunner.run(SuiteRunner.java:312)
at org.testng.SuiteRunnerWorker.runSuite(SuiteRunnerWorker.java:52)
at org.testng.SuiteRunnerWorker.run(SuiteRunnerWorker.java:95)
at org.testng.TestNG.runSuitesSequentially(TestNG.java:1274)
at org.testng.TestNG.runSuitesLocally(TestNG.java:1208)
at org.testng.TestNG.runSuites(TestNG.java:1112)
at org.testng.TestNG.run(TestNG.java:1079)
at org.apache.maven.surefire.testng.TestNGExecutor.run(TestNGExecutor.java:308)
at org.apache.maven.surefire.testng.TestNGXmlTestSuite.execute(TestNGXmlTestSuite.java:71)
at org.apache.maven.surefire.testng.TestNGProvider.invoke(TestNGProvider.java:113)
at org.apache.maven.surefire.booter.ForkedBooter.runSuitesInProcess(ForkedBooter.java:385)
at org.apache.maven.surefire.booter.ForkedBooter.execute(ForkedBooter.java:162)
at org.apache.maven.surefire.booter.ForkedBooter.run(ForkedBooter.java:507)
at org.apache.maven.surefire.booter.ForkedBooter.main(ForkedBooter.java:495)
]]>
            </full-stacktrace>
          </exception> <!-- org.openqa.selenium.StaleElementReferenceException -->
          <reporter-output>
          </reporter-output>
        </test-method> <!-- selectProduct -->
        <test-method is-config="true" signature="teardown()[pri:0, instance:tests.Ecommerce_TC02@6913c1fb]" started-at="2024-12-12T13:29:15 EST" name="teardown" finished-at="2024-12-12T13:29:15 EST" duration-ms="471" status="PASS">
          <reporter-output>
          </reporter-output>
        </test-method> <!-- teardown -->
      </class> <!-- tests.Ecommerce_TC02 -->
      <class name="tests.Ecommerce_TC01">
        <test-method is-config="true" signature="setup()[pri:0, instance:tests.Ecommerce_TC01@305b7c14]" started-at="2024-12-12T13:23:54 EST" name="setup" finished-at="2024-12-12T13:23:54 EST" duration-ms="145" status="PASS">
          <reporter-output>
          </reporter-output>
        </test-method> <!-- setup -->
        <test-method is-config="true" signature="setCapabilities(java.lang.String,java.lang.String,java.lang.String,java.lang.String,java.lang.String,java.lang.String,java.lang.String,java.lang.String)[pri:0, instance:tests.Ecommerce_TC01@305b7c14]" started-at="2024-12-12T13:27:58 EST" name="setCapabilities" finished-at="2024-12-12T13:28:10 EST" duration-ms="11824" status="PASS">
          <params>
            <param index="0">
              <value>
                <![CDATA[Android]]>
              </value>
            </param>
            <param index="1">
              <value>
                <![CDATA[asus ASUS_X01AD]]>
              </value>
            </param>
            <param index="2">
              <value>
                <![CDATA[UiAutomator2]]>
              </value>
            </param>
            <param index="3">
              <value>
                <![CDATA[com.androidsample.generalstore]]>
              </value>
            </param>
            <param index="4">
              <value>
                <![CDATA[com.androidsample.generalstore.SplashActivity]]>
              </value>
            </param>
            <param index="5">
              <value>
                <![CDATA[native]]>
              </value>
            </param>
            <param index="6">
              <value>
                <![CDATA[Chrome]]>
              </value>
            </param>
            <param index="7">
              <value>
                <![CDATA[C:\\semester3\\project\\Appium\\src\\test\\resources\\drivers\\chromedriver.exe]]>
              </value>
            </param>
          </params>
          <reporter-output>
          </reporter-output>
        </test-method> <!-- setCapabilities -->
        <test-method signature="testInvalidLogin()[pri:0, instance:tests.Ecommerce_TC01@305b7c14]" started-at="2024-12-12T13:28:10 EST" name="testInvalidLogin" finished-at="2024-12-12T13:28:23 EST" duration-ms="12657" status="PASS">
          <reporter-output>
          </reporter-output>
        </test-method> <!-- testInvalidLogin -->
        <test-method is-config="true" signature="teardown()[pri:0, instance:tests.Ecommerce_TC01@305b7c14]" started-at="2024-12-12T13:28:23 EST" name="teardown" finished-at="2024-12-12T13:28:23 EST" duration-ms="452" status="PASS">
          <reporter-output>
          </reporter-output>
        </test-method> <!-- teardown -->
        <test-method is-config="true" signature="setCapabilities(java.lang.String,java.lang.String,java.lang.String,java.lang.String,java.lang.String,java.lang.String,java.lang.String,java.lang.String)[pri:0, instance:tests.Ecommerce_TC01@305b7c14]" started-at="2024-12-12T13:28:23 EST" name="setCapabilities" finished-at="2024-12-12T13:28:35 EST" duration-ms="11624" status="PASS">
          <params>
            <param index="0">
              <value>
                <![CDATA[Android]]>
              </value>
            </param>
            <param index="1">
              <value>
                <![CDATA[asus ASUS_X01AD]]>
              </value>
            </param>
            <param index="2">
              <value>
                <![CDATA[UiAutomator2]]>
              </value>
            </param>
            <param index="3">
              <value>
                <![CDATA[com.androidsample.generalstore]]>
              </value>
            </param>
            <param index="4">
              <value>
                <![CDATA[com.androidsample.generalstore.SplashActivity]]>
              </value>
            </param>
            <param index="5">
              <value>
                <![CDATA[native]]>
              </value>
            </param>
            <param index="6">
              <value>
                <![CDATA[Chrome]]>
              </value>
            </param>
            <param index="7">
              <value>
                <![CDATA[C:\\semester3\\project\\Appium\\src\\test\\resources\\drivers\\chromedriver.exe]]>
              </value>
            </param>
          </params>
          <reporter-output>
          </reporter-output>
        </test-method> <!-- setCapabilities -->
        <test-method signature="testValidLogin()[pri:0, instance:tests.Ecommerce_TC01@305b7c14]" started-at="2024-12-12T13:28:35 EST" name="testValidLogin" finished-at="2024-12-12T13:28:44 EST" duration-ms="9000" status="PASS">
          <reporter-output>
          </reporter-output>
        </test-method> <!-- testValidLogin -->
        <test-method is-config="true" signature="teardown()[pri:0, instance:tests.Ecommerce_TC01@305b7c14]" started-at="2024-12-12T13:28:44 EST" name="teardown" finished-at="2024-12-12T13:28:44 EST" duration-ms="412" status="PASS">
          <reporter-output>
          </reporter-output>
        </test-method> <!-- teardown -->
      </class> <!-- tests.Ecommerce_TC01 -->
      <class name="tests.ExtentReport">
        <test-method is-config="true" signature="teardown()[pri:0, instance:tests.ExtentReport@37afeb11]" started-at="2024-12-12T13:30:14 EST" name="teardown" finished-at="2024-12-12T13:30:14 EST" duration-ms="376" status="PASS">
          <reporter-output>
          </reporter-output>
        </test-method> <!-- teardown -->
      </class> <!-- tests.ExtentReport -->
    </test> <!-- Ecommerce App Test -->
  </suite> <!-- Appium Test Suite -->
</testng-results>
