<?xml version="1.0" encoding="UTF-8"?>
<!-- Generated by org.testng.reporters.JUnitXMLReporter -->
<testsuite ignored="3" hostname="UBL-HNF7VT3" failures="2" tests="5" name="Ecommerce App Test" time="135.219" errors="0" timestamp="2024-12-12T13:30:14 EST">
  <testcase classname="tests.Ecommerce_TC01" name="testInvalidLogin" time="12.657"/>
  <testcase classname="tests.Ecommerce_TC01" name="testValidLogin" time="9.0"/>
  <testcase classname="tests.Ecommerce_TC02" name="selectProduct" time="19.105">
    <failure type="org.openqa.selenium.StaleElementReferenceException" message="The element &amp;apos;By.id: com.androidsample.generalstore:id/productName&amp;apos; does not exist in DOM anymore
For documentation on this error, please visit: https://www.selenium.dev/documentation/webdriver/troubleshooting/errors#stale-element-reference-exception
Build info: version: &amp;apos;4.16.1&amp;apos;, revision: &amp;apos;9b4c83354e&amp;apos;
System info: os.name: &amp;apos;Windows 11&amp;apos;, os.arch: &amp;apos;amd64&amp;apos;, os.version: &amp;apos;10.0&amp;apos;, java.version: &amp;apos;23.0.1&amp;apos;
Driver info: io.appium.java_client.android.AndroidDriver
Command: [55e9309c-7d4a-4865-a9fe-7fd169158443, getElementText {id=00000000-0000-04d3-ffff-ffff00000064}]
Capabilities {appium:DEVICE_NAME: asus ASUS_X01AD, appium:PLATFORM_NAME: Android, appium:appActivity: com.androidsample.generalst..., appium:appPackage: com.androidsample.generalstore, appium:automationName: UiAutomator2, appium:chromedriverAutodownload: true, appium:databaseEnabled: false, appium:desired: {DEVICE_NAME: asus ASUS_X01AD, PLATFORM_NAME: Android, appActivity: com.androidsample.generalst..., appPackage: com.androidsample.generalstore, automationName: UiAutomator2, chromedriverAutodownload: true, platformName: ANDROID}, appium:deviceApiLevel: 28, appium:deviceManufacturer: asus, appium:deviceModel: ASUS_X01AD, appium:deviceName: JBAAGF074869X35, appium:deviceScreenDensity: 272, appium:deviceScreenSize: 720x1520, appium:deviceUDID: JBAAGF074869X35, appium:javascriptEnabled: true, appium:locationContextEnabled: false, appium:networkConnectionEnabled: true, appium:pixelRatio: 1.7, appium:platformVersion: 9, appium:statBarHeight: 57, appium:takesScreenshot: true, appium:viewportRect: {height: 1463, left: 0, top: 57, width: 720}, appium:warnings: {}, appium:webStorageEnabled: false, platformName: ANDROID}
Element: [[AndroidDriver:  on ANDROID (55e9309c-7d4a-4865-a9fe-7fd169158443)] -&amp;gt; id: com.androidsample.generalstore:id/productName]
Session ID: 55e9309c-7d4a-4865-a9fe-7fd169158443">
      <![CDATA[org.openqa.selenium.StaleElementReferenceException: The element 'By.id: com.androidsample.generalstore:id/productName' does not exist in DOM anymore
For documentation on this error, please visit: https://www.selenium.dev/documentation/webdriver/troubleshooting/errors#stale-element-reference-exception
Build info: version: '4.16.1', revision: '9b4c83354e'
System info: os.name: 'Windows 11', os.arch: 'amd64', os.version: '10.0', java.version: '23.0.1'
Driver info: io.appium.java_client.android.AndroidDriver
Command: [55e9309c-7d4a-4865-a9fe-7fd169158443, getElementText {id=00000000-0000-04d3-ffff-ffff00000064}]
Capabilities {appium:DEVICE_NAME: asus ASUS_X01AD, appium:PLATFORM_NAME: Android, appium:appActivity: com.androidsample.generalst..., appium:appPackage: com.androidsample.generalstore, appium:automationName: UiAutomator2, appium:chromedriverAutodownload: true, appium:databaseEnabled: false, appium:desired: {DEVICE_NAME: asus ASUS_X01AD, PLATFORM_NAME: Android, appActivity: com.androidsample.generalst..., appPackage: com.androidsample.generalstore, automationName: UiAutomator2, chromedriverAutodownload: true, platformName: ANDROID}, appium:deviceApiLevel: 28, appium:deviceManufacturer: asus, appium:deviceModel: ASUS_X01AD, appium:deviceName: JBAAGF074869X35, appium:deviceScreenDensity: 272, appium:deviceScreenSize: 720x1520, appium:deviceUDID: JBAAGF074869X35, appium:javascriptEnabled: true, appium:locationContextEnabled: false, appium:networkConnectionEnabled: true, appium:pixelRatio: 1.7, appium:platformVersion: 9, appium:statBarHeight: 57, appium:takesScreenshot: true, appium:viewportRect: {height: 1463, left: 0, top: 57, width: 720}, appium:warnings: {}, appium:webStorageEnabled: false, platformName: ANDROID}
Element: [[AndroidDriver:  on ANDROID (55e9309c-7d4a-4865-a9fe-7fd169158443)] -> id: com.androidsample.generalstore:id/productName]
Session ID: 55e9309c-7d4a-4865-a9fe-7fd169158443
at org.openqa.selenium.remote.codec.w3c.W3CHttpResponseCodec.createException(W3CHttpResponseCodec.java:200)
at org.openqa.selenium.remote.codec.w3c.W3CHttpResponseCodec.decode(W3CHttpResponseCodec.java:133)
at org.openqa.selenium.remote.codec.w3c.W3CHttpResponseCodec.decode(W3CHttpResponseCodec.java:52)
at org.openqa.selenium.remote.HttpCommandExecutor.execute(HttpCommandExecutor.java:191)
at io.appium.java_client.remote.AppiumCommandExecutor.execute(AppiumCommandExecutor.java:238)
at org.openqa.selenium.remote.RemoteWebDriver.execute(RemoteWebDriver.java:523)
at org.openqa.selenium.remote.RemoteWebElement.execute(RemoteWebElement.java:224)
at org.openqa.selenium.remote.RemoteWebElement.getText(RemoteWebElement.java:192)
at tests.Ecommerce_TC02.selectProduct(Ecommerce_TC02.java:63)
at java.base/java.util.ArrayList.forEach(ArrayList.java:1597)
... Removed 32 stack frames]]>
    </failure>
  </testcase> <!-- selectProduct -->
  <testcase classname="tests.Ecommerce_TC03" name="validateCost" time="16.999"/>
  <testcase classname="tests.Ecommerce_TC04" name="validateGestures" time="18.642">
    <failure type="org.openqa.selenium.NoSuchElementException" message="An element could not be located on the page using the given search parameters.
For documentation on this error, please visit: https://www.selenium.dev/documentation/webdriver/troubleshooting/errors#no-such-element-exception
Build info: version: &amp;apos;4.16.1&amp;apos;, revision: &amp;apos;9b4c83354e&amp;apos;
System info: os.name: &amp;apos;Windows 11&amp;apos;, os.arch: &amp;apos;amd64&amp;apos;, os.version: &amp;apos;10.0&amp;apos;, java.version: &amp;apos;23.0.1&amp;apos;
Driver info: io.appium.java_client.android.AndroidDriver
Command: [5c9080bd-c049-4951-9d80-e4eab2e1a50b, findElement {using=class name, value=android.widget.CheckBox}]
Capabilities {appium:DEVICE_NAME: asus ASUS_X01AD, appium:PLATFORM_NAME: Android, appium:appActivity: com.androidsample.generalst..., appium:appPackage: com.androidsample.generalstore, appium:automationName: UiAutomator2, appium:chromedriverAutodownload: true, appium:databaseEnabled: false, appium:desired: {DEVICE_NAME: asus ASUS_X01AD, PLATFORM_NAME: Android, appActivity: com.androidsample.generalst..., appPackage: com.androidsample.generalstore, automationName: UiAutomator2, chromedriverAutodownload: true, platformName: ANDROID}, appium:deviceApiLevel: 28, appium:deviceManufacturer: asus, appium:deviceModel: ASUS_X01AD, appium:deviceName: JBAAGF074869X35, appium:deviceScreenDensity: 272, appium:deviceScreenSize: 720x1520, appium:deviceUDID: JBAAGF074869X35, appium:javascriptEnabled: true, appium:locationContextEnabled: false, appium:networkConnectionEnabled: true, appium:pixelRatio: 1.7, appium:platformVersion: 9, appium:statBarHeight: 57, appium:takesScreenshot: true, appium:viewportRect: {height: 1463, left: 0, top: 57, width: 720}, appium:warnings: {}, appium:webStorageEnabled: false, platformName: ANDROID}
Session ID: 5c9080bd-c049-4951-9d80-e4eab2e1a50b">
      <![CDATA[org.openqa.selenium.NoSuchElementException: An element could not be located on the page using the given search parameters.
For documentation on this error, please visit: https://www.selenium.dev/documentation/webdriver/troubleshooting/errors#no-such-element-exception
Build info: version: '4.16.1', revision: '9b4c83354e'
System info: os.name: 'Windows 11', os.arch: 'amd64', os.version: '10.0', java.version: '23.0.1'
Driver info: io.appium.java_client.android.AndroidDriver
Command: [5c9080bd-c049-4951-9d80-e4eab2e1a50b, findElement {using=class name, value=android.widget.CheckBox}]
Capabilities {appium:DEVICE_NAME: asus ASUS_X01AD, appium:PLATFORM_NAME: Android, appium:appActivity: com.androidsample.generalst..., appium:appPackage: com.androidsample.generalstore, appium:automationName: UiAutomator2, appium:chromedriverAutodownload: true, appium:databaseEnabled: false, appium:desired: {DEVICE_NAME: asus ASUS_X01AD, PLATFORM_NAME: Android, appActivity: com.androidsample.generalst..., appPackage: com.androidsample.generalstore, automationName: UiAutomator2, chromedriverAutodownload: true, platformName: ANDROID}, appium:deviceApiLevel: 28, appium:deviceManufacturer: asus, appium:deviceModel: ASUS_X01AD, appium:deviceName: JBAAGF074869X35, appium:deviceScreenDensity: 272, appium:deviceScreenSize: 720x1520, appium:deviceUDID: JBAAGF074869X35, appium:javascriptEnabled: true, appium:locationContextEnabled: false, appium:networkConnectionEnabled: true, appium:pixelRatio: 1.7, appium:platformVersion: 9, appium:statBarHeight: 57, appium:takesScreenshot: true, appium:viewportRect: {height: 1463, left: 0, top: 57, width: 720}, appium:warnings: {}, appium:webStorageEnabled: false, platformName: ANDROID}
Session ID: 5c9080bd-c049-4951-9d80-e4eab2e1a50b
at org.openqa.selenium.remote.codec.w3c.W3CHttpResponseCodec.createException(W3CHttpResponseCodec.java:200)
at org.openqa.selenium.remote.codec.w3c.W3CHttpResponseCodec.decode(W3CHttpResponseCodec.java:133)
at org.openqa.selenium.remote.codec.w3c.W3CHttpResponseCodec.decode(W3CHttpResponseCodec.java:52)
at org.openqa.selenium.remote.HttpCommandExecutor.execute(HttpCommandExecutor.java:191)
at io.appium.java_client.remote.AppiumCommandExecutor.execute(AppiumCommandExecutor.java:238)
at org.openqa.selenium.remote.RemoteWebDriver.execute(RemoteWebDriver.java:523)
at org.openqa.selenium.remote.ElementLocation$ElementFinder$2.findElement(ElementLocation.java:165)
at org.openqa.selenium.remote.ElementLocation.findElement(ElementLocation.java:66)
at org.openqa.selenium.remote.RemoteWebDriver.findElement(RemoteWebDriver.java:360)
at org.openqa.selenium.remote.RemoteWebDriver.findElement(RemoteWebDriver.java:354)
at tests.Ecommerce_TC04.validateGestures(Ecommerce_TC04.java:72)
at java.base/java.util.ArrayList.forEach(ArrayList.java:1597)
... Removed 32 stack frames]]>
    </failure>
  </testcase> <!-- validateGestures -->
  <testcase classname="tests.ExtentReport" name="@BeforeSuite setup" time="0.0">
    <ignored/>
  </testcase> <!-- @BeforeSuite setup -->
  <testcase classname="tests.ExtentReport" name="@BeforeSuite setup" time="0.0">
    <ignored/>
  </testcase> <!-- @BeforeSuite setup -->
  <testcase classname="tests.ExtentReport" name="@BeforeSuite setup" time="0.0">
    <ignored/>
  </testcase> <!-- @BeforeSuite setup -->
</testsuite> <!-- Ecommerce App Test -->
